28/10/2023 9:47:30 p. m.	Este registro contiene información acerca de la operación de importación de esquema en el proyecto 'Database.Satrack' del equipo 'DESKTOP-96J2VOF' por el usuario 'Usuario'.
28/10/2023 9:47:30 p. m.	Se inició la importación del esquema de la base de datos.
28/10/2023 9:47:36 p. m.	Recopilando credenciales de la base de datos
28/10/2023 9:47:36 p. m.	Recopilando opciones de base de datos
28/10/2023 9:47:36 p. m.	Recopilando la opción de configuración de ámbito de la base de datos genérica
28/10/2023 9:47:36 p. m.	Recopilando usuarios
28/10/2023 9:47:36 p. m.	Recopilando roles
28/10/2023 9:47:36 p. m.	Recopilando roles de aplicación
28/10/2023 9:47:36 p. m.	Recopilando pertenencias a roles
28/10/2023 9:47:36 p. m.	Recopilando grupos de archivos
28/10/2023 9:47:36 p. m.	Recopilando catálogos de texto completo
28/10/2023 9:47:36 p. m.	Recopilando ensamblados
28/10/2023 9:47:36 p. m.	Recopilando certificados
28/10/2023 9:47:36 p. m.	Recopilando claves asimétricas
28/10/2023 9:47:36 p. m.	Recopilando claves simétricas
28/10/2023 9:47:36 p. m.	Recopilando claves simétricas cifradas
28/10/2023 9:47:36 p. m.	Recopilando esquemas
28/10/2023 9:47:36 p. m.	Recopilando colecciones de esquemas XML
28/10/2023 9:47:36 p. m.	Recopilando tipos de datos definidos por el usuario
28/10/2023 9:47:36 p. m.	Recopilando tipos definidos por el usuario
28/10/2023 9:47:36 p. m.	Recopilando tipos de tabla
28/10/2023 9:47:36 p. m.	Recopilando claves únicas para tipos de tabla
28/10/2023 9:47:36 p. m.	Recopilando claves principales para tipos de tabla
28/10/2023 9:47:36 p. m.	Recopilando índices para tipos de tablas
28/10/2023 9:47:37 p. m.	Recopilando restricciones CHECK para tipos de tabla
28/10/2023 9:47:37 p. m.	Recopilando restricciones DEFAULT para tipos de tabla
28/10/2023 9:47:37 p. m.	Recopilando funciones de partición
28/10/2023 9:47:37 p. m.	Recopilando esquemas de partición
28/10/2023 9:47:37 p. m.	Recopilando funciones
28/10/2023 9:47:37 p. m.	Recopilando funciones cifradas
28/10/2023 9:47:37 p. m.	Recopilando agregados
28/10/2023 9:47:37 p. m.	Recopilando procedimientos
28/10/2023 9:47:37 p. m.	Recopilando procedimientos cifrados
28/10/2023 9:47:37 p. m.	Recopilando tablas
28/10/2023 9:47:37 p. m.	Recopilando claves principales
28/10/2023 9:47:37 p. m.	Recopilando restricciones UNIQUE
28/10/2023 9:47:37 p. m.	Recopilando claves externas
28/10/2023 9:47:37 p. m.	Recopilando restricciones DEFAULT
28/10/2023 9:47:37 p. m.	Recopilando restricciones CHECK
28/10/2023 9:47:37 p. m.	Recopilando vistas
28/10/2023 9:47:37 p. m.	Recopilando vistas cifradas
28/10/2023 9:47:37 p. m.	Recopilando índices
28/10/2023 9:47:37 p. m.	Recopilando estadísticas
28/10/2023 9:47:37 p. m.	Recopilando listas de palabras irrelevantes de índices de texto completo
28/10/2023 9:47:37 p. m.	Recopilando listas de propiedades de búsqueda
28/10/2023 9:47:37 p. m.	Recopilando propiedades de búsqueda
28/10/2023 9:47:37 p. m.	Recopilando índices de texto completo
28/10/2023 9:47:37 p. m.	Recopilando índices de almacenamiento de columnas
28/10/2023 9:47:37 p. m.	Recopilando índices espaciales
28/10/2023 9:47:37 p. m.	Recopilando índices XML
28/10/2023 9:47:37 p. m.	Recopilando índices XML selectivos
28/10/2023 9:47:37 p. m.	Recopilando desencadenadores cifrados
28/10/2023 9:47:37 p. m.	Recopilando desencadenadores
28/10/2023 9:47:37 p. m.	Recopilando DDL triggers cifrados y de CLR
28/10/2023 9:47:37 p. m.	Recopilando DDL triggers
28/10/2023 9:47:37 p. m.	Creación de la restricción perimetral en curso
28/10/2023 9:47:37 p. m.	Recopilando sinónimos
28/10/2023 9:47:37 p. m.	Recopilando valores predeterminados
28/10/2023 9:47:37 p. m.	Recopilando enlaces UDDT de restricción de datos
28/10/2023 9:47:37 p. m.	Recopilando reglas
28/10/2023 9:47:37 p. m.	Recopilando enlaces UDDT de restricción de datos
28/10/2023 9:47:37 p. m.	Recopilando tipos de mensaje
28/10/2023 9:47:37 p. m.	Recopilando colas
28/10/2023 9:47:37 p. m.	Recopilando contratos
28/10/2023 9:47:37 p. m.	Recopilando servicios
28/10/2023 9:47:37 p. m.	Recopilando notificaciones de eventos
28/10/2023 9:47:37 p. m.	Recopilando enlaces de servicio remoto
28/10/2023 9:47:37 p. m.	Recopilando prioridades de Broker
28/10/2023 9:47:37 p. m.	Recopilando firmas
28/10/2023 9:47:37 p. m.	Recopilando opciones de compresión de datos
28/10/2023 9:47:38 p. m.	Recopilando tipos de secuencia
28/10/2023 9:47:38 p. m.	Recopilando directivas de seguridad
28/10/2023 9:47:38 p. m.	Recopilar claves de cifrado de columna
28/10/2023 9:47:38 p. m.	Recopilando claves maestras de columna
28/10/2023 9:47:38 p. m.	Recopilando orígenes de datos externos
28/10/2023 9:47:38 p. m.	Recopilando formatos de archivo externos
28/10/2023 9:47:38 p. m.	Recopilando tablas externas
28/10/2023 9:47:38 p. m.	Recopilando propiedades extendidas
28/10/2023 9:47:41 p. m.	Recopilando ensamblados
28/10/2023 9:47:41 p. m.	Recopilando credenciales
28/10/2023 9:47:41 p. m.	Recopilando inicios de sesión
28/10/2023 9:47:41 p. m.	Recopilando auditorías de servidor
28/10/2023 9:47:42 p. m.	Buscando elementos duplicados en el proyecto
28/10/2023 9:47:42 p. m.	Ha finalizado el procesamiento de los elementos duplicados
28/10/2023 9:47:43 p. m.	Finalizó la importación de la base de datos.
28/10/2023 9:47:43 p. m.	Se guardó un resumen de la importación en la siguiente ubicación: C:\JALF\Desarrollo\Pruebas\Satrack\2-BackEnd\Satrack\Database.Satrack\Registros de importación de esquemas\Database.Satrack_20231029024730.log
28/10/2023 9:47:43 p. m.	Haga clic en Finalizar para continuar...
